#-----------------------------------------------------------
# Vivado v2019.2.1 (64-bit)
# SW Build 2729669 on Thu Dec  5 04:49:17 MST 2019
# IP Build 2729494 on Thu Dec  5 07:38:25 MST 2019
# Start of session at: Mon Jul  6 23:20:13 2020
# Process ID: 5020
# Current directory: C:/Users/s0559122/Desktop/oliver_en_de/zynq_system
# Command line: vivado.exe -gui_launcher_event rodinguilauncherevent7012 C:\Users\s0559122\Desktop\oliver_en_de\zynq_system\zynq_system.xpr
# Log file: C:/Users/s0559122/Desktop/oliver_en_de/zynq_system/vivado.log
# Journal file: C:/Users/s0559122/Desktop/oliver_en_de/zynq_system\vivado.jou
#-----------------------------------------------------------
start_gui
open_project C:/Users/s0559122/Desktop/oliver_en_de/zynq_system/zynq_system.xpr
Scanning sources...
Finished scanning sources
INFO: [IP_Flow 19-234] Refreshing IP repositories
INFO: [IP_Flow 19-1700] Loaded user IP repository 'c:/Users/s0559122/Desktop/oliver_en_de/ip_repo'.
INFO: [IP_Flow 19-2313] Loaded Vivado IP repository 'C:/Xilinx/Vivado/2019.2/data/ip'.
open_project: Time (s): cpu = 00:00:19 ; elapsed = 00:00:12 . Memory (MB): peak = 905.242 ; gain = 253.848
update_compile_order -fileset sources_1
exit
INFO: [Common 17-206] Exiting Vivado at Mon Jul  6 23:20:53 2020...
